{"contracts/DigitalNotebook.sol":{"l":{"23":10,"28":6,"29":4,"34":10,"35":10,"41":10,"42":10,"47":5,"48":4,"49":4,"53":3,"58":3,"59":3,"60":3,"61":3,"62":3,"63":4,"64":4,"67":3,"72":1,"73":1,"76":1,"77":1,"78":1,"79":1,"80":1,"81":1,"85":1,"90":9,"95":1,"96":1,"97":0,"98":0,"101":1,"106":9},"path":"/Users/roman/Desktop/DigitalNotebook/contracts/DigitalNotebook.sol","s":{"1":6,"2":10,"3":10,"4":5,"5":4,"6":4,"7":3,"8":3,"9":3,"10":3,"11":4,"12":4,"13":3,"14":1,"15":1,"16":1,"17":1,"18":1,"19":1,"20":9,"21":1,"22":1,"23":0,"24":0,"25":1,"26":9},"b":{"1":[4,2],"2":[4,1],"3":[3,1],"4":[3,0],"5":[0,0],"6":[3,1],"7":[3,0],"8":[1,1],"9":[1,0],"10":[1,0],"11":[0,0]},"f":{"1":10,"2":6,"3":10,"4":5,"5":3,"6":1,"7":9,"8":1,"9":9},"fnMap":{"1":{"name":"constructor","line":22,"loc":{"start":{"line":22,"column":4},"end":{"line":24,"column":4}}},"2":{"name":"onlyOwner","line":27,"loc":{"start":{"line":27,"column":4},"end":{"line":30,"column":4}}},"3":{"name":"createNote","line":33,"loc":{"start":{"line":33,"column":4},"end":{"line":43,"column":4}}},"4":{"name":"readNote","line":46,"loc":{"start":{"line":46,"column":4},"end":{"line":54,"column":4}}},"5":{"name":"updateSharing","line":57,"loc":{"start":{"line":57,"column":4},"end":{"line":68,"column":4}}},"6":{"name":"deleteNote","line":71,"loc":{"start":{"line":71,"column":4},"end":{"line":86,"column":4}}},"7":{"name":"noteExists","line":89,"loc":{"start":{"line":89,"column":4},"end":{"line":91,"column":4}}},"8":{"name":"isSharedWithUser","line":94,"loc":{"start":{"line":94,"column":4},"end":{"line":102,"column":4}}},"9":{"name":"getUserNotes","line":105,"loc":{"start":{"line":105,"column":4},"end":{"line":107,"column":4}}}},"statementMap":{"1":{"start":{"line":28,"column":8},"end":{"line":28,"column":79}},"2":{"start":{"line":41,"column":8},"end":{"line":41,"column":46}},"3":{"start":{"line":42,"column":8},"end":{"line":42,"column":49}},"4":{"start":{"line":47,"column":8},"end":{"line":47,"column":61}},"5":{"start":{"line":48,"column":8},"end":{"line":48,"column":41}},"6":{"start":{"line":49,"column":8},"end":{"line":49,"column":1461}},"7":{"start":{"line":53,"column":8},"end":{"line":53,"column":27}},"8":{"start":{"line":58,"column":8},"end":{"line":58,"column":61}},"9":{"start":{"line":59,"column":8},"end":{"line":59,"column":41}},"10":{"start":{"line":62,"column":8},"end":{"line":62,"column":2022}},"11":{"start":{"line":63,"column":12},"end":{"line":63,"column":46}},"12":{"start":{"line":64,"column":12},"end":{"line":64,"column":50}},"13":{"start":{"line":67,"column":8},"end":{"line":67,"column":32}},"14":{"start":{"line":72,"column":8},"end":{"line":72,"column":61}},"15":{"start":{"line":76,"column":8},"end":{"line":76,"column":62}},"16":{"start":{"line":77,"column":8},"end":{"line":77,"column":2545}},"17":{"start":{"line":78,"column":12},"end":{"line":78,"column":2613}},"18":{"start":{"line":80,"column":16},"end":{"line":80,"column":33}},"19":{"start":{"line":85,"column":8},"end":{"line":85,"column":32}},"20":{"start":{"line":90,"column":8},"end":{"line":90,"column":48}},"21":{"start":{"line":95,"column":8},"end":{"line":95,"column":41}},"22":{"start":{"line":96,"column":8},"end":{"line":96,"column":3231}},"23":{"start":{"line":97,"column":12},"end":{"line":97,"column":3302}},"24":{"start":{"line":98,"column":16},"end":{"line":98,"column":27}},"25":{"start":{"line":101,"column":8},"end":{"line":101,"column":20}},"26":{"start":{"line":106,"column":8},"end":{"line":106,"column":36}}},"branchMap":{"1":{"line":28,"type":"if","locations":[{"start":{"line":28,"column":8},"end":{"line":28,"column":8}},{"start":{"line":28,"column":8},"end":{"line":28,"column":8}}]},"2":{"line":47,"type":"if","locations":[{"start":{"line":47,"column":8},"end":{"line":47,"column":8}},{"start":{"line":47,"column":8},"end":{"line":47,"column":8}}]},"3":{"line":49,"type":"if","locations":[{"start":{"line":49,"column":8},"end":{"line":49,"column":8}},{"start":{"line":49,"column":8},"end":{"line":49,"column":8}}]},"4":{"line":50,"type":"cond-expr","locations":[{"start":{"line":50,"column":12},"end":{"line":50,"column":24}},{"start":{"line":50,"column":29},"end":{"line":50,"column":52}}]},"5":{"line":50,"type":"cond-expr","locations":[{"start":{"line":50,"column":12},"end":{"line":50,"column":52}},{"start":{"line":50,"column":57},"end":{"line":50,"column":92}}]},"6":{"line":57,"type":"if","locations":[{"start":{"line":57,"column":94},"end":{"line":57,"column":94}},{"start":{"line":57,"column":94},"end":{"line":57,"column":94}}]},"7":{"line":58,"type":"if","locations":[{"start":{"line":58,"column":8},"end":{"line":58,"column":8}},{"start":{"line":58,"column":8},"end":{"line":58,"column":8}}]},"8":{"line":71,"type":"if","locations":[{"start":{"line":71,"column":47},"end":{"line":71,"column":47}},{"start":{"line":71,"column":47},"end":{"line":71,"column":47}}]},"9":{"line":72,"type":"if","locations":[{"start":{"line":72,"column":8},"end":{"line":72,"column":8}},{"start":{"line":72,"column":8},"end":{"line":72,"column":8}}]},"10":{"line":78,"type":"if","locations":[{"start":{"line":78,"column":12},"end":{"line":78,"column":12}},{"start":{"line":78,"column":12},"end":{"line":78,"column":12}}]},"11":{"line":97,"type":"if","locations":[{"start":{"line":97,"column":12},"end":{"line":97,"column":12}},{"start":{"line":97,"column":12},"end":{"line":97,"column":12}}]}}},"contracts/Lock.sol":{"l":{"14":2,"19":1,"20":1,"25":5,"27":5,"28":4,"30":3,"32":3},"path":"/Users/roman/Desktop/DigitalNotebook/contracts/Lock.sol","s":{"1":2,"2":5,"3":5,"4":4,"5":3,"6":3},"b":{"1":[1,1],"2":[4,1],"3":[3,1]},"f":{"1":2,"2":5},"fnMap":{"1":{"name":"constructor","line":13,"loc":{"start":{"line":13,"column":4},"end":{"line":21,"column":4}}},"2":{"name":"withdraw","line":23,"loc":{"start":{"line":23,"column":4},"end":{"line":33,"column":4}}}},"statementMap":{"1":{"start":{"line":14,"column":8},"end":{"line":14,"column":325}},"2":{"start":{"line":25,"column":8},"end":{"line":25,"column":94}},"3":{"start":{"line":27,"column":8},"end":{"line":27,"column":71}},"4":{"start":{"line":28,"column":8},"end":{"line":28,"column":59}},"5":{"start":{"line":30,"column":8},"end":{"line":30,"column":63}},"6":{"start":{"line":32,"column":8},"end":{"line":32,"column":44}}},"branchMap":{"1":{"line":14,"type":"if","locations":[{"start":{"line":14,"column":8},"end":{"line":14,"column":8}},{"start":{"line":14,"column":8},"end":{"line":14,"column":8}}]},"2":{"line":27,"type":"if","locations":[{"start":{"line":27,"column":8},"end":{"line":27,"column":8}},{"start":{"line":27,"column":8},"end":{"line":27,"column":8}}]},"3":{"line":28,"type":"if","locations":[{"start":{"line":28,"column":8},"end":{"line":28,"column":8}},{"start":{"line":28,"column":8},"end":{"line":28,"column":8}}]}}}}