TN:
SF:/Users/roman/Desktop/DigitalNotebook/contracts/DigitalNotebook.sol
FN:22,constructor
FN:27,onlyOwner
FN:33,createNote
FN:46,readNote
FN:57,updateSharing
FN:71,deleteNote
FN:89,noteExists
FN:94,isSharedWithUser
FN:105,getUserNotes
FNF:9
FNH:9
FNDA:10,constructor
FNDA:6,onlyOwner
FNDA:10,createNote
FNDA:5,readNote
FNDA:3,updateSharing
FNDA:1,deleteNote
FNDA:9,noteExists
FNDA:1,isSharedWithUser
FNDA:9,getUserNotes
DA:23,10
DA:28,6
DA:29,4
DA:34,10
DA:35,10
DA:41,10
DA:42,10
DA:47,5
DA:48,4
DA:49,4
DA:53,3
DA:58,3
DA:59,3
DA:60,3
DA:61,3
DA:62,3
DA:63,4
DA:64,4
DA:67,3
DA:72,1
DA:73,1
DA:76,1
DA:77,1
DA:78,1
DA:79,1
DA:80,1
DA:81,1
DA:85,1
DA:90,9
DA:95,1
DA:96,1
DA:97,0
DA:98,0
DA:101,1
DA:106,9
LF:35
LH:33
BRDA:28,1,0,4
BRDA:28,1,1,2
BRDA:47,2,0,4
BRDA:47,2,1,1
BRDA:49,3,0,3
BRDA:49,3,1,1
BRDA:50,4,0,3
BRDA:50,4,1,0
BRDA:50,5,0,0
BRDA:50,5,1,0
BRDA:57,6,0,3
BRDA:57,6,1,1
BRDA:58,7,0,3
BRDA:58,7,1,0
BRDA:71,8,0,1
BRDA:71,8,1,1
BRDA:72,9,0,1
BRDA:72,9,1,0
BRDA:78,10,0,1
BRDA:78,10,1,0
BRDA:97,11,0,0
BRDA:97,11,1,0
BRF:22
BRH:14
end_of_record
TN:
SF:/Users/roman/Desktop/DigitalNotebook/contracts/Lock.sol
FN:13,constructor
FN:23,withdraw
FNF:2
FNH:2
FNDA:2,constructor
FNDA:5,withdraw
DA:14,2
DA:19,1
DA:20,1
DA:25,5
DA:27,5
DA:28,4
DA:30,3
DA:32,3
LF:8
LH:8
BRDA:14,1,0,1
BRDA:14,1,1,1
BRDA:27,2,0,4
BRDA:27,2,1,1
BRDA:28,3,0,3
BRDA:28,3,1,1
BRF:6
BRH:6
end_of_record
